# JRE version: OpenJDK Runtime Environment (8.0_202-b03) (build 1.8.0_202-release-1483-b03)
# Java VM: OpenJDK 64-Bit Server VM (25.202-b03 mixed mode windows-amd64 compressed oops)
Heap:
 PSYoungGen      total 307200K, used 191975K [0x00000000e0000000, 0x00000000fee80000, 0x0000000100000000)
  eden space 132608K, 90% used [0x00000000e0000000,0x00000000e75b9a68,0x00000000e8180000)
  from space 174592K, 40% used [0x00000000f4400000,0x00000000f89c04c8,0x00000000fee80000)
  to   space 174592K, 0% used [0x00000000e8180000,0x00000000e8180000,0x00000000f2c00000)
 ParOldGen       total 413184K, used 127234K [0x00000000a0000000, 0x00000000b9380000, 0x00000000e0000000)
  object space 413184K, 30% used [0x00000000a0000000,0x00000000a7c408a0,0x00000000b9380000)
 Metaspace       used 127941K, capacity 131904K, committed 132632K, reserved 1165312K
  class space    used 15902K, capacity 16702K, committed 16920K, reserved 1048576K
GC Heap History (10 events):
Event: 5364.219 GC heap before
{Heap before GC invocations=29 (full 4):
 PSYoungGen      total 280576K, used 280544K [0x00000000e0000000, 0x00000000fc880000, 0x0000000100000000)
  eden space 181248K, 100% used [0x00000000e0000000,0x00000000eb100000,0x00000000eb100000)
  from space 99328K, 99% used [0x00000000f2c00000,0x00000000f8cf83e0,0x00000000f8d00000)
  to   space 125952K, 0% used [0x00000000eb100000,0x00000000eb100000,0x00000000f2c00000)
 ParOldGen       total 413184K, used 228993K [0x00000000a0000000, 0x00000000b9380000, 0x00000000e0000000)
  object space 413184K, 55% used [0x00000000a0000000,0x00000000adfa0640,0x00000000b9380000)
 Metaspace       used 121657K, capacity 125686K, committed 126360K, reserved 1159168K
  class space    used 15273K, capacity 16070K, committed 16280K, reserved 1048576K
Event: 5364.367 GC heap after
Heap after GC invocations=29 (full 4):
 PSYoungGen      total 307200K, used 125943K [0x00000000e0000000, 0x00000000fc880000, 0x0000000100000000)
  eden space 181248K, 0% used [0x00000000e0000000,0x00000000e0000000,0x00000000eb100000)
  from space 125952K, 99% used [0x00000000eb100000,0x00000000f2bfdf28,0x00000000f2c00000)
  to   space 99328K, 0% used [0x00000000f2c00000,0x00000000f2c00000,0x00000000f8d00000)
 ParOldGen       total 413184K, used 309316K [0x00000000a0000000, 0x00000000b9380000, 0x00000000e0000000)
  object space 413184K, 74% used [0x00000000a0000000,0x00000000b2e112e0,0x00000000b9380000)
 Metaspace       used 121657K, capacity 125686K, committed 126360K, reserved 1159168K
  class space    used 15273K, capacity 16070K, committed 16280K, reserved 1048576K
}
Event: 5404.933 GC heap before
{Heap before GC invocations=30 (full 4):
 PSYoungGen      total 307200K, used 307191K [0x00000000e0000000, 0x00000000fc880000, 0x0000000100000000)
  eden space 181248K, 100% used [0x00000000e0000000,0x00000000eb100000,0x00000000eb100000)
  from space 125952K, 99% used [0x00000000eb100000,0x00000000f2bfdf28,0x00000000f2c00000)
  to   space 99328K, 0% used [0x00000000f2c00000,0x00000000f2c00000,0x00000000f8d00000)
 ParOldGen       total 413184K, used 309316K [0x00000000a0000000, 0x00000000b9380000, 0x00000000e0000000)
  object space 413184K, 74% used [0x00000000a0000000,0x00000000b2e112e0,0x00000000b9380000)
 Metaspace       used 121808K, capacity 125886K, committed 126360K, reserved 1159168K
  class space    used 15281K, capacity 16082K, committed 16280K, reserved 1048576K
Event: 5405.007 GC heap after
Heap after GC invocations=30 (full 4):
 PSYoungGen      total 231936K, used 99299K [0x00000000e0000000, 0x0000000100000000, 0x0000000100000000)
  eden space 132608K, 0% used [0x00000000e0000000,0x00000000e0000000,0x00000000e8180000)
  from space 99328K, 99% used [0x00000000f2c00000,0x00000000f8cf8dd8,0x00000000f8d00000)
  to   space 174592K, 0% used [0x00000000e8180000,0x00000000e8180000,0x00000000f2c00000)
 ParOldGen       total 413184K, used 329309K [0x00000000a0000000, 0x00000000b9380000, 0x00000000e0000000)
  object space 413184K, 79% used [0x00000000a0000000,0x00000000b4197548,0x00000000b9380000)
 Metaspace       used 121808K, capacity 125886K, committed 126360K, reserved 1159168K
  class space    used 15281K, capacity 16082K, committed 16280K, reserved 1048576K
}
Event: 5406.655 GC heap before
{Heap before GC invocations=31 (full 4):
 PSYoungGen      total 231936K, used 231907K [0x00000000e0000000, 0x0000000100000000, 0x0000000100000000)
  eden space 132608K, 100% used [0x00000000e0000000,0x00000000e8180000,0x00000000e8180000)
  from space 99328K, 99% used [0x00000000f2c00000,0x00000000f8cf8dd8,0x00000000f8d00000)
  to   space 174592K, 0% used [0x00000000e8180000,0x00000000e8180000,0x00000000f2c00000)
 ParOldGen       total 413184K, used 329309K [0x00000000a0000000, 0x00000000b9380000, 0x00000000e0000000)
  object space 413184K, 79% used [0x00000000a0000000,0x00000000b4197548,0x00000000b9380000)
 Metaspace       used 123813K, capacity 127948K, committed 128408K, reserved 1161216K
  class space    used 15492K, capacity 16317K, committed 16536K, reserved 1048576K
Event: 5406.728 GC heap after
Heap after GC invocations=31 (full 4):
 PSYoungGen      total 307200K, used 118274K [0x00000000e0000000, 0x00000000fee80000, 0x0000000100000000)
  eden space 132608K, 0% used [0x00000000e0000000,0x00000000e0000000,0x00000000e8180000)
  from space 174592K, 67% used [0x00000000e8180000,0x00000000ef5009d0,0x00000000f2c00000)
  to   space 174592K, 0% used [0x00000000f4400000,0x00000000f4400000,0x00000000fee80000)
 ParOldGen       total 413184K, used 358169K [0x00000000a0000000, 0x00000000b9380000, 0x00000000e0000000)
  object space 413184K, 86% used [0x00000000a0000000,0x00000000b5dc6488,0x00000000b9380000)
 Metaspace       used 123813K, capacity 127948K, committed 128408K, reserved 1161216K
  class space    used 15492K, capacity 16317K, committed 16536K, reserved 1048576K
}
Event: 5406.728 GC heap before
{Heap before GC invocations=32 (full 5):
 PSYoungGen      total 307200K, used 118274K [0x00000000e0000000, 0x00000000fee80000, 0x0000000100000000)
  eden space 132608K, 0% used [0x00000000e0000000,0x00000000e0000000,0x00000000e8180000)
  from space 174592K, 67% used [0x00000000e8180000,0x00000000ef5009d0,0x00000000f2c00000)
  to   space 174592K, 0% used [0x00000000f4400000,0x00000000f4400000,0x00000000fee80000)
 ParOldGen       total 413184K, used 358169K [0x00000000a0000000, 0x00000000b9380000, 0x00000000e0000000)
  object space 413184K, 86% used [0x00000000a0000000,0x00000000b5dc6488,0x00000000b9380000)
 Metaspace       used 123813K, capacity 127948K, committed 128408K, reserved 1161216K
  class space    used 15492K, capacity 16317K, committed 16536K, reserved 1048576K
Event: 5406.993 GC heap after
Heap after GC invocations=32 (full 5):
 PSYoungGen      total 307200K, used 0K [0x00000000e0000000, 0x00000000fee80000, 0x0000000100000000)
  eden space 132608K, 0% used [0x00000000e0000000,0x00000000e0000000,0x00000000e8180000)
  from space 174592K, 0% used [0x00000000e8180000,0x00000000e8180000,0x00000000f2c00000)
  to   space 174592K, 0% used [0x00000000f4400000,0x00000000f4400000,0x00000000fee80000)
 ParOldGen       total 413184K, used 127226K [0x00000000a0000000, 0x00000000b9380000, 0x00000000e0000000)
  object space 413184K, 30% used [0x00000000a0000000,0x00000000a7c3e8a0,0x00000000b9380000)
 Metaspace       used 123717K, capacity 127634K, committed 128408K, reserved 1161216K
  class space    used 15465K, capacity 16257K, committed 16536K, reserved 1048576K
}
Event: 5407.669 GC heap before
{Heap before GC invocations=33 (full 5):
 PSYoungGen      total 307200K, used 132608K [0x00000000e0000000, 0x00000000fee80000, 0x0000000100000000)
  eden space 132608K, 100% used [0x00000000e0000000,0x00000000e8180000,0x00000000e8180000)
  from space 174592K, 0% used [0x00000000e8180000,0x00000000e8180000,0x00000000f2c00000)
  to   space 174592K, 0% used [0x00000000f4400000,0x00000000f4400000,0x00000000fee80000)
 ParOldGen       total 413184K, used 127226K [0x00000000a0000000, 0x00000000b9380000, 0x00000000e0000000)
  object space 413184K, 30% used [0x00000000a0000000,0x00000000a7c3e8a0,0x00000000b9380000)
 Metaspace       used 127499K, capacity 131488K, committed 132120K, reserved 1165312K
  class space    used 15868K, capacity 16670K, committed 16920K, reserved 1048576K
Event: 5407.703 GC heap after
Heap after GC invocations=33 (full 5):
 PSYoungGen      total 307200K, used 71425K [0x00000000e0000000, 0x00000000fee80000, 0x0000000100000000)
  eden space 132608K, 0% used [0x00000000e0000000,0x00000000e0000000,0x00000000e8180000)
  from space 174592K, 40% used [0x00000000f4400000,0x00000000f89c04c8,0x00000000fee80000)
  to   space 174592K, 0% used [0x00000000e8180000,0x00000000e8180000,0x00000000f2c00000)
 ParOldGen       total 413184K, used 127234K [0x00000000a0000000, 0x00000000b9380000, 0x00000000e0000000)
  object space 413184K, 30% used [0x00000000a0000000,0x00000000a7c408a0,0x00000000b9380000)
 Metaspace       used 127499K, capacity 131488K, committed 132120K, reserved 1165312K
  class space    used 15868K, capacity 16670K, committed 16920K, reserved 1048576K
}

